c:\users\chappie\desktop\balong-flash-master\winbuild\release\balong_flash.ipdb
c:\users\chappie\desktop\balong-flash-master\winbuild\release\balong_flash.iobj
c:\users\chappie\desktop\balong-flash-master\winbuild\balong_flash\release\vc141.pdb
c:\users\chappie\desktop\balong-flash-master\winbuild\balong_flash\release\progressbar.obj
c:\users\chappie\desktop\balong-flash-master\winbuild\balong_flash\release\getopt.obj
c:\users\chappie\desktop\balong-flash-master\winbuild\balong_flash\release\zutil.obj
c:\users\chappie\desktop\balong-flash-master\winbuild\balong_flash\release\uncompr.obj
c:\users\chappie\desktop\balong-flash-master\winbuild\balong_flash\release\trees.obj
c:\users\chappie\desktop\balong-flash-master\winbuild\balong_flash\release\inftrees.obj
c:\users\chappie\desktop\balong-flash-master\winbuild\balong_flash\release\inflate.obj
c:\users\chappie\desktop\balong-flash-master\winbuild\balong_flash\release\inffast.obj
c:\users\chappie\desktop\balong-flash-master\winbuild\balong_flash\release\crc32.obj
c:\users\chappie\desktop\balong-flash-master\winbuild\balong_flash\release\adler32.obj
c:\users\chappie\desktop\balong-flash-master\winbuild\balong_flash\release\util.obj
c:\users\chappie\desktop\balong-flash-master\winbuild\balong_flash\release\signver.obj
c:\users\chappie\desktop\balong-flash-master\winbuild\balong_flash\release\ptable.obj
c:\users\chappie\desktop\balong-flash-master\winbuild\balong_flash\release\lzmadec.obj
c:\users\chappie\desktop\balong-flash-master\winbuild\balong_flash\release\alloc.obj
c:\users\chappie\desktop\balong-flash-master\winbuild\balong_flash\release\hdlcio_win32.obj
c:\users\chappie\desktop\balong-flash-master\winbuild\balong_flash\release\flasher.obj
c:\users\chappie\desktop\balong-flash-master\winbuild\balong_flash\release\balong_flash.obj
c:\users\chappie\desktop\balong-flash-master\winbuild\release\balong_flash.exe
c:\users\chappie\desktop\balong-flash-master\winbuild\balong_flash\release\balong_flash.tlog\balong_flash.write.1u.tlog
c:\users\chappie\desktop\balong-flash-master\winbuild\balong_flash\release\balong_flash.tlog\cl.command.1.tlog
c:\users\chappie\desktop\balong-flash-master\winbuild\balong_flash\release\balong_flash.tlog\cl.read.1.tlog
c:\users\chappie\desktop\balong-flash-master\winbuild\balong_flash\release\balong_flash.tlog\cl.write.1.tlog
c:\users\chappie\desktop\balong-flash-master\winbuild\balong_flash\release\balong_flash.tlog\link.command.1.tlog
c:\users\chappie\desktop\balong-flash-master\winbuild\balong_flash\release\balong_flash.tlog\link.read.1.tlog
c:\users\chappie\desktop\balong-flash-master\winbuild\balong_flash\release\balong_flash.tlog\link.write.1.tlog
