C:\Program Files\Microsoft Visual Studio\2022\Community\MSBuild\Microsoft\VC\v150\Platforms\Win32\PlatformToolsets\v141_xp\Toolset.targets(39,5): warning MSB8051: Support for targeting Windows XP is deprecated and will not be present in future releases of Visual Studio. Please see https://go.microsoft.com/fwlink/?linkid=2023588 for more information.
  balong_flash.c
  flasher.c
C:\Users\Chappie\OneDrive\Desktop\LM53SL\balong-flash-master\balong-flash-master\flasher.c(192): warning C4101: 'tt': unreferenced local variable
  hdlcio_win32.c
C:\Users\Chappie\OneDrive\Desktop\LM53SL\balong-flash-master\balong-flash-master\hdlcio_win32.c(52): warning C4996: 'write': The POSIX name for this item is deprecated. Instead, use the ISO C and C++ conformant name: _write. See online help for details.
C:\Users\Chappie\OneDrive\Desktop\LM53SL\balong-flash-master\balong-flash-master\hdlcio_win32.c(54): warning C4996: 'write': The POSIX name for this item is deprecated. Instead, use the ISO C and C++ conformant name: _write. See online help for details.
C:\Users\Chappie\OneDrive\Desktop\LM53SL\balong-flash-master\balong-flash-master\hdlcio_win32.c(74): warning C4996: 'read': The POSIX name for this item is deprecated. Instead, use the ISO C and C++ conformant name: _read. See online help for details.
C:\Users\Chappie\OneDrive\Desktop\LM53SL\balong-flash-master\balong-flash-master\hdlcio_win32.c(86): warning C4996: 'read': The POSIX name for this item is deprecated. Instead, use the ISO C and C++ conformant name: _read. See online help for details.
C:\Users\Chappie\OneDrive\Desktop\LM53SL\balong-flash-master\balong-flash-master\hdlcio_win32.c(98): warning C4996: 'read': The POSIX name for this item is deprecated. Instead, use the ISO C and C++ conformant name: _read. See online help for details.
C:\Users\Chappie\OneDrive\Desktop\LM53SL\balong-flash-master\balong-flash-master\hdlcio_win32.c(68): warning C4101: 'bcnt': unreferenced local variable
C:\Users\Chappie\OneDrive\Desktop\LM53SL\balong-flash-master\balong-flash-master\hdlcio_win32.c(132): warning C4101: 'escflag': unreferenced local variable
C:\Users\Chappie\OneDrive\Desktop\LM53SL\balong-flash-master\balong-flash-master\hdlcio_win32.c(132): warning C4101: 'incount': unreferenced local variable
C:\Users\Chappie\OneDrive\Desktop\LM53SL\balong-flash-master\balong-flash-master\hdlcio_win32.c(428): warning C4996: 'write': The POSIX name for this item is deprecated. Instead, use the ISO C and C++ conformant name: _write. See online help for details.
C:\Users\Chappie\OneDrive\Desktop\LM53SL\balong-flash-master\balong-flash-master\hdlcio_win32.c(432): warning C4996: 'read': The POSIX name for this item is deprecated. Instead, use the ISO C and C++ conformant name: _read. See online help for details.
  Alloc.c
  LzmaDec.c
  ptable.c
  signver.c
  util.c
C:\Users\Chappie\OneDrive\Desktop\LM53SL\balong-flash-master\balong-flash-master\util.c(38): warning C4018: '<': signed/unsigned mismatch
C:\Users\Chappie\OneDrive\Desktop\LM53SL\balong-flash-master\balong-flash-master\util.c(41): warning C4018: '<': signed/unsigned mismatch
C:\Users\Chappie\OneDrive\Desktop\LM53SL\balong-flash-master\balong-flash-master\util.c(46): warning C4018: '<': signed/unsigned mismatch
C:\Users\Chappie\OneDrive\Desktop\LM53SL\balong-flash-master\balong-flash-master\util.c(138): warning C4018: '<': signed/unsigned mismatch
  adler32.c
  crc32.c
  inffast.c
  inflate.c
  inftrees.c
  trees.c
  uncompr.c
  zutil.c
  getopt.c
  Generating code
  Previous IPDB not found, fall back to full compilation.
  All 103 functions were compiled because no usable IPDB/IOBJ from previous compilation was found.
  Finished generating code
  balong_flash.vcxproj -> C:\Users\Chappie\OneDrive\Desktop\LM53SL\balong-flash-master\balong-flash-master\winbuild\Release\balong_flash.exe
